nov. 12, 2025 11:10:40 AM sparadrap.Main main
INFOS: ===== DÈmarrage de SPARADRAP =====
nov. 12, 2025 11:10:40 AM sparadrap.Main switchCenter
INFOS: Onglet affichÈ : Achats
nov. 12, 2025 11:10:40 AM sparadrap.Main lambda$main$5
INFOS: FenÍtre initialisÈe et visible.
nov. 12, 2025 12:53:34 PM sparadrap.Main main
INFOS: ===== DÈmarrage de SPARADRAP =====
nov. 12, 2025 12:53:35 PM sparadrap.Main switchCenter
INFOS: Onglet affichÈ : Achats
nov. 12, 2025 12:53:35 PM sparadrap.Main lambda$main$5
INFOS: FenÍtre initialisÈe et visible.
nov. 12, 2025 12:55:40 PM sparadrap.Main$1 windowClosing
INFOS: Fermeture de l'application.
nov. 12, 2025 1:12:58 PM sparadrap.Main main
INFOS: ===== DÈmarrage de SPARADRAP =====
nov. 12, 2025 1:13:00 PM sparadrap.Main switchCenter
INFOS: Onglet affichÈ : Achats
nov. 12, 2025 1:13:00 PM sparadrap.Main lambda$main$5
INFOS: FenÍtre initialisÈe et visible.
nov. 12, 2025 1:13:33 PM sparadrap.Main$1 windowClosing
INFOS: Fermeture de l'application.
nov. 12, 2025 1:20:49 PM sparadrap.Main main
INFOS: ===== DÈmarrage de SPARADRAP =====
nov. 12, 2025 1:26:13 PM sparadrap.Main main
INFOS: ===== DÈmarrage de SPARADRAP =====
nov. 12, 2025 1:26:17 PM sparadrap.Main main
INFOS: Insertion d'un achat de test OK.
nov. 12, 2025 1:26:18 PM sparadrap.Main switchCenter
INFOS: Onglet affichÈ : Achats
nov. 12, 2025 1:26:18 PM sparadrap.Main lambda$main$5
INFOS: FenÍtre initialisÈe et visible.
nov. 12, 2025 1:26:36 PM sparadrap.Main$1 windowClosing
INFOS: Fermeture de l'application.
nov. 12, 2025 1:41:39 PM sparadrap.Main main
INFOS: ===== DÈmarrage de SPARADRAP =====
nov. 12, 2025 1:41:43 PM sparadrap.Main main
INFOS: Insertion d'un achat de test OK.
nov. 12, 2025 1:41:43 PM sparadrap.Main switchCenter
INFOS: Onglet affichÈ : Achats
nov. 12, 2025 1:41:43 PM sparadrap.Main lambda$main$5
INFOS: FenÍtre initialisÈe et visible.
nov. 12, 2025 1:48:09 PM sparadrap.Main$1 windowClosing
INFOS: Fermeture de l'application.
nov. 19, 2025 8:22:01 AM sparadrap.Main main
INFOS: ===== D√©marrage de SPARADRAP =====
nov. 19, 2025 8:22:06 AM sparadrap.Main main
INFOS: Insertion d'un achat de test OK.
nov. 19, 2025 8:22:07 AM sparadrap.Main switchCenter
INFOS: Onglet affich√© : Achats
nov. 19, 2025 8:22:07 AM sparadrap.Main lambda$main$5
INFOS: Fen√™tre initialis√©e et visible.
nov. 19, 2025 8:27:20 AM sparadrap.Main$1 windowClosing
INFOS: Fermeture de l'application.
nov. 19, 2025 10:02:15 AM sparadrap.Main main
INFOS: ===== D√©marrage de SPARADRAP =====
nov. 19, 2025 10:02:20 AM sparadrap.Main main
INFOS: Insertion d'un achat de test OK.
nov. 19, 2025 10:02:20 AM sparadrap.Main lambda$main$7
INFOS: Fen√™tre initialis√©e et visible.
nov. 19, 2025 10:02:23 AM sparadrap.Main lambda$main$2
INFOS: Onglet affich√© : Achats
nov. 19, 2025 10:02:24 AM sparadrap.Main lambda$main$3
INFOS: Onglet affich√© : M√©decins
nov. 19, 2025 10:02:25 AM sparadrap.Main lambda$main$4
INFOS: Onglet affich√© : Clients
nov. 19, 2025 10:02:26 AM sparadrap.Main lambda$main$5
INFOS: Onglet affich√© : M√©dicaments
nov. 19, 2025 10:02:26 AM sparadrap.Main lambda$main$6
INFOS: Onglet affich√© : Mutuelles
nov. 19, 2025 10:05:59 AM sparadrap.Main main
INFOS: ===== D√©marrage de SPARADRAP =====
nov. 19, 2025 10:06:04 AM sparadrap.Main main
INFOS: Insertion d'un achat de test OK.
nov. 19, 2025 10:06:04 AM sparadrap.Main lambda$main$7
INFOS: Fen√™tre initialis√©e et visible.
nov. 19, 2025 10:06:06 AM sparadrap.Main$1 windowClosing
INFOS: Fermeture de l'application.
nov. 19, 2025 10:06:12 AM sparadrap.Main main
INFOS: ===== D√©marrage de SPARADRAP =====
nov. 19, 2025 10:06:17 AM sparadrap.Main main
INFOS: Insertion d'un achat de test OK.
nov. 19, 2025 10:06:17 AM sparadrap.Main switchCenter
INFOS: Onglet affich√© : Achats
nov. 19, 2025 10:06:17 AM sparadrap.Main lambda$main$5
INFOS: Fen√™tre initialis√©e et visible.
nov. 19, 2025 10:06:32 AM sparadrap.Main$1 windowClosing
INFOS: Fermeture de l'application.
nov. 19, 2025 10:06:41 AM sparadrap.Main main
INFOS: ===== D√©marrage de SPARADRAP =====
nov. 19, 2025 10:06:46 AM sparadrap.Main main
INFOS: Insertion d'un achat de test OK.
nov. 19, 2025 10:06:46 AM sparadrap.Main lambda$main$7
INFOS: Fen√™tre initialis√©e et visible.
nov. 19, 2025 10:06:58 AM sparadrap.Main$1 windowClosing
INFOS: Fermeture de l'application.
nov. 20, 2025 8:09:16 AM sparadrap.Main main
INFOS: ===== D√©marrage de SPARADRAP =====
nov. 20, 2025 8:09:21 AM sparadrap.Main main
INFOS: Insertion d'un achat de test OK.
nov. 20, 2025 8:09:21 AM sparadrap.Main lambda$main$7
INFOS: Fen√™tre initialis√©e et visible.
nov. 20, 2025 8:09:57 AM sparadrap.Main main
INFOS: ===== D√©marrage de SPARADRAP =====
nov. 20, 2025 8:10:03 AM sparadrap.Main main
INFOS: ===== D√©marrage de SPARADRAP =====
nov. 20, 2025 8:10:09 AM sparadrap.Main main
INFOS: ===== D√©marrage de SPARADRAP =====
nov. 20, 2025 8:10:16 AM sparadrap.Main main
INFOS: Insertion d'un achat de test OK.
nov. 20, 2025 8:10:16 AM sparadrap.Main lambda$main$7
INFOS: Fen√™tre initialis√©e et visible.
nov. 20, 2025 8:10:20 AM sparadrap.Main$1 windowClosing
INFOS: Fermeture de l'application.
nov. 20, 2025 8:10:24 AM sparadrap.Main main
INFOS: ===== D√©marrage de SPARADRAP =====
nov. 20, 2025 8:10:28 AM sparadrap.Main main
INFOS: Insertion d'un achat de test OK.
nov. 20, 2025 8:10:29 AM sparadrap.Main lambda$main$7
INFOS: Fen√™tre initialis√©e et visible.
nov. 20, 2025 8:10:31 AM sparadrap.Main$1 windowClosing
INFOS: Fermeture de l'application.
nov. 20, 2025 8:10:44 AM sparadrap.Main main
INFOS: ===== D√©marrage de SPARADRAP =====
nov. 20, 2025 8:10:48 AM sparadrap.Main main
INFOS: Insertion d'un achat de test OK.
nov. 20, 2025 8:10:49 AM sparadrap.Main lambda$main$7
INFOS: Fen√™tre initialis√©e et visible.
nov. 20, 2025 8:11:34 AM sparadrap.Main$1 windowClosing
INFOS: Fermeture de l'application.
nov. 20, 2025 8:11:40 AM sparadrap.Main main
INFOS: ===== D√©marrage de SPARADRAP =====
nov. 20, 2025 8:11:44 AM sparadrap.Main main
INFOS: Insertion d'un achat de test OK.
nov. 20, 2025 8:11:45 AM sparadrap.Main lambda$main$7
INFOS: Fen√™tre initialis√©e et visible.
nov. 20, 2025 8:11:47 AM sparadrap.Main$1 windowClosing
INFOS: Fermeture de l'application.
nov. 20, 2025 3:10:10 PM sparadrap.Main main
INFOS: ===== D√©marrage de SPARADRAP =====
nov. 20, 2025 3:10:15 PM sparadrap.Main main
INFOS: Insertion d'un achat de test OK.
nov. 20, 2025 3:10:15 PM sparadrap.Main lambda$main$7
INFOS: Fen√™tre initialis√©e et visible.
nov. 20, 2025 3:10:27 PM sparadrap.Main$1 windowClosing
INFOS: Fermeture de l'application.
nov. 21, 2025 8:09:21 AM sparadrap.Main main
INFOS: ===== D√©marrage de SPARADRAP =====
nov. 21, 2025 8:09:25 AM sparadrap.Main main
INFOS: Insertion d'un achat de test OK.
nov. 21, 2025 8:09:26 AM sparadrap.Main lambda$main$7
INFOS: Fen√™tre initialis√©e et visible.
nov. 21, 2025 8:38:59 AM sparadrap.Main$1 windowClosing
INFOS: Fermeture de l'application.
nov. 21, 2025 8:52:28 AM sparadrap.Main main
INFOS: ===== D√©marrage de SPARADRAP =====
nov. 21, 2025 8:52:32 AM sparadrap.Main main
INFOS: Insertion d'un achat de test OK.
nov. 21, 2025 8:52:33 AM sparadrap.Main lambda$main$7
INFOS: Fen√™tre initialis√©e et visible.
nov. 21, 2025 9:20:30 AM sparadrap.Main main
INFOS: ===== D√©marrage de SPARADRAP =====
nov. 21, 2025 9:20:35 AM sparadrap.Main main
INFOS: Insertion d'un achat de test OK.
nov. 21, 2025 9:20:35 AM sparadrap.Main lambda$main$7
INFOS: Fen√™tre initialis√©e et visible.
nov. 21, 2025 10:43:48 AM sparadrap.Main main
INFOS: ===== D√©marrage de SPARADRAP =====
nov. 21, 2025 10:43:57 AM sparadrap.Main main
INFOS: Insertion d'un achat de test OK.
nov. 21, 2025 10:43:57 AM sparadrap.Main lambda$main$7
INFOS: Fen√™tre initialis√©e et visible.
nov. 21, 2025 10:50:43 AM sparadrap.Main main
INFOS: ===== D√©marrage de SPARADRAP =====
nov. 21, 2025 10:50:47 AM sparadrap.Main main
INFOS: Insertion d'un achat de test OK.
nov. 21, 2025 10:50:48 AM sparadrap.Main lambda$main$7
INFOS: Fen√™tre initialis√©e et visible.
nov. 21, 2025 11:07:59 AM sparadrap.Main$1 windowClosing
INFOS: Fermeture de l'application.
nov. 24, 2025 9:18:26 AM sparadrap.Main main
INFOS: ===== D√©marrage de SPARADRAP =====
nov. 24, 2025 9:18:30 AM sparadrap.Main main
INFOS: Insertion d'un achat de test OK.
nov. 24, 2025 9:18:32 AM sparadrap.Main lambda$main$7
INFOS: Fen√™tre initialis√©e et visible.
nov. 24, 2025 9:18:55 AM sparadrap.Main lambda$main$2
INFOS: Onglet affich√© : Achats
nov. 24, 2025 9:18:59 AM sparadrap.Main lambda$main$3
INFOS: Onglet affich√© : M√©decins
nov. 24, 2025 9:19:00 AM sparadrap.Main lambda$main$4
INFOS: Onglet affich√© : Clients
nov. 24, 2025 9:19:02 AM sparadrap.Main lambda$main$5
INFOS: Onglet affich√© : M√©dicaments
nov. 24, 2025 9:19:03 AM sparadrap.Main lambda$main$4
INFOS: Onglet affich√© : Clients
nov. 24, 2025 9:20:38 AM sparadrap.Main lambda$main$5
INFOS: Onglet affich√© : M√©dicaments
nov. 24, 2025 9:20:42 AM sparadrap.Main lambda$main$6
INFOS: Onglet affich√© : Mutuelles
nov. 24, 2025 11:07:45 AM sparadrap.Main main
INFOS: ===== D√©marrage de SPARADRAP =====
nov. 24, 2025 11:07:49 AM sparadrap.Main main
INFOS: Insertion d'un achat de test OK.
nov. 24, 2025 11:07:50 AM sparadrap.Main lambda$main$7
INFOS: Fen√™tre initialis√©e et visible.
nov. 24, 2025 11:07:55 AM sparadrap.Main lambda$main$3
INFOS: Onglet affich√© : M√©decins
nov. 24, 2025 11:07:58 AM sparadrap.Main lambda$main$4
INFOS: Onglet affich√© : Clients
nov. 24, 2025 11:08:07 AM sparadrap.Main$1 windowClosing
INFOS: Fermeture de l'application.
nov. 24, 2025 11:53:09 AM sparadrap.Main main
INFOS: ===== D√©marrage de SPARADRAP =====
nov. 24, 2025 11:53:14 AM sparadrap.Main main
INFOS: Insertion d'un achat de test OK.
nov. 24, 2025 11:53:15 AM sparadrap.Main lambda$main$7
INFOS: Fen√™tre initialis√©e et visible.
nov. 24, 2025 11:53:21 AM sparadrap.Main$1 windowClosing
INFOS: Fermeture de l'application.
nov. 24, 2025 2:19:28 PM sparadrap.Main main
INFOS: ===== D√©marrage de SPARADRAP =====
nov. 24, 2025 2:19:33 PM sparadrap.Main main
INFOS: Insertion d'un achat de test OK.
nov. 24, 2025 2:19:34 PM sparadrap.Main lambda$main$7
INFOS: Fen√™tre initialis√©e et visible.
nov. 24, 2025 2:19:42 PM sparadrap.Main lambda$main$3
INFOS: Onglet affich√© : M√©decins
nov. 24, 2025 2:19:49 PM sparadrap.Main$1 windowClosing
INFOS: Fermeture de l'application.
nov. 26, 2025 8:18:44 AM sparadrap.Main main
INFOS: ===== D√©marrage de SPARADRAP =====
nov. 26, 2025 8:18:49 AM sparadrap.Main main
INFOS: Insertion d'un achat de test OK.
nov. 26, 2025 8:18:50 AM sparadrap.Main lambda$main$7
INFOS: Fen√™tre initialis√©e et visible.
nov. 26, 2025 8:19:23 AM sparadrap.Main lambda$main$2
INFOS: Onglet affich√© : Achats
nov. 26, 2025 8:19:28 AM sparadrap.Main lambda$main$3
INFOS: Onglet affich√© : M√©decins
nov. 26, 2025 8:19:34 AM sparadrap.Main lambda$main$4
INFOS: Onglet affich√© : Clients
nov. 26, 2025 8:19:58 AM sparadrap.Main lambda$main$5
INFOS: Onglet affich√© : M√©dicaments
nov. 26, 2025 8:20:00 AM sparadrap.Main lambda$main$6
INFOS: Onglet affich√© : Mutuelles
nov. 26, 2025 8:20:04 AM sparadrap.Main$1 windowClosing
INFOS: Fermeture de l'application.
nov. 26, 2025 8:38:10 AM sparadrap.Main main
INFOS: ===== D√©marrage de SPARADRAP =====
nov. 26, 2025 8:38:15 AM sparadrap.Main main
INFOS: Insertion d'un achat de test OK.
nov. 26, 2025 8:38:16 AM sparadrap.Main lambda$main$7
INFOS: Fen√™tre initialis√©e et visible.
nov. 26, 2025 8:38:18 AM sparadrap.Main lambda$main$2
INFOS: Onglet affich√© : Achats
nov. 26, 2025 8:38:18 AM sparadrap.Main lambda$main$3
INFOS: Onglet affich√© : M√©decins
nov. 26, 2025 8:38:21 AM sparadrap.Main lambda$main$4
INFOS: Onglet affich√© : Clients
nov. 26, 2025 8:38:27 AM sparadrap.Main lambda$main$5
INFOS: Onglet affich√© : M√©dicaments
nov. 26, 2025 8:38:28 AM sparadrap.Main lambda$main$6
INFOS: Onglet affich√© : Mutuelles
nov. 26, 2025 8:38:32 AM sparadrap.Main$1 windowClosing
INFOS: Fermeture de l'application.
nov. 26, 2025 8:42:25 AM sparadrap.Main main
INFOS: ===== D√©marrage de SPARADRAP =====
nov. 26, 2025 8:42:29 AM sparadrap.Main main
INFOS: Insertion d'un achat de test OK.
nov. 26, 2025 8:42:30 AM sparadrap.Main lambda$main$7
INFOS: Fen√™tre initialis√©e et visible.
nov. 26, 2025 8:42:32 AM sparadrap.Main lambda$main$3
INFOS: Onglet affich√© : M√©decins
nov. 26, 2025 8:42:33 AM sparadrap.Main lambda$main$4
INFOS: Onglet affich√© : Clients
nov. 26, 2025 8:42:52 AM sparadrap.Main$1 windowClosing
INFOS: Fermeture de l'application.
nov. 26, 2025 8:42:55 AM sparadrap.Main main
INFOS: ===== D√©marrage de SPARADRAP =====
nov. 26, 2025 8:42:59 AM sparadrap.Main main
INFOS: Insertion d'un achat de test OK.
nov. 26, 2025 8:43:00 AM sparadrap.Main lambda$main$7
INFOS: Fen√™tre initialis√©e et visible.
nov. 26, 2025 8:43:02 AM sparadrap.Main lambda$main$3
INFOS: Onglet affich√© : M√©decins
nov. 26, 2025 8:43:02 AM sparadrap.Main lambda$main$4
INFOS: Onglet affich√© : Clients
nov. 26, 2025 8:43:04 AM sparadrap.Main lambda$main$5
INFOS: Onglet affich√© : M√©dicaments
nov. 26, 2025 8:43:06 AM sparadrap.Main$1 windowClosing
INFOS: Fermeture de l'application.
nov. 27, 2025 8:39:05 AM sparadrap.Main main
INFOS: ===== D√©marrage de SPARADRAP =====
nov. 27, 2025 8:39:10 AM sparadrap.Main main
INFOS: Insertion d'un achat de test OK.
nov. 27, 2025 8:39:11 AM sparadrap.Main lambda$main$7
INFOS: Fen√™tre initialis√©e et visible.
nov. 27, 2025 8:39:15 AM sparadrap.Main lambda$main$4
INFOS: Onglet affich√© : Clients
nov. 27, 2025 8:39:24 AM sparadrap.Main$1 windowClosing
INFOS: Fermeture de l'application.
nov. 27, 2025 9:09:33 AM sparadrap.Main main
INFOS: ===== D√©marrage de SPARADRAP =====
nov. 27, 2025 9:09:38 AM sparadrap.Main main
INFOS: Insertion d'un achat de test OK.
nov. 27, 2025 9:09:39 AM sparadrap.Main lambda$main$7
INFOS: Fen√™tre initialis√©e et visible.
nov. 27, 2025 9:09:42 AM sparadrap.Main$1 windowClosing
INFOS: Fermeture de l'application.
nov. 27, 2025 9:30:46 AM sparadrap.Main main
INFOS: ===== D√©marrage de SPARADRAP =====
nov. 27, 2025 9:30:50 AM sparadrap.Main main
INFOS: Insertion d'un achat de test OK.
nov. 27, 2025 9:30:51 AM sparadrap.Main lambda$main$7
INFOS: Fen√™tre initialis√©e et visible.
nov. 27, 2025 9:30:53 AM sparadrap.Main lambda$main$3
INFOS: Onglet affich√© : M√©decins
nov. 27, 2025 9:30:54 AM sparadrap.Main lambda$main$4
INFOS: Onglet affich√© : Clients
nov. 27, 2025 9:30:55 AM sparadrap.Main lambda$main$5
INFOS: Onglet affich√© : M√©dicaments
nov. 27, 2025 9:30:57 AM sparadrap.Main lambda$main$6
INFOS: Onglet affich√© : Mutuelles
nov. 27, 2025 9:30:59 AM sparadrap.Main lambda$main$5
INFOS: Onglet affich√© : M√©dicaments
nov. 27, 2025 9:31:01 AM sparadrap.Main lambda$main$6
INFOS: Onglet affich√© : Mutuelles
nov. 27, 2025 9:31:11 AM sparadrap.Main$1 windowClosing
INFOS: Fermeture de l'application.
nov. 27, 2025 9:40:21 AM sparadrap.Main main
INFOS: ===== D√©marrage de SPARADRAP =====
nov. 27, 2025 9:40:26 AM sparadrap.Main main
INFOS: Insertion d'un achat de test OK.
nov. 27, 2025 9:40:27 AM sparadrap.Main lambda$main$7
INFOS: Fen√™tre initialis√©e et visible.
nov. 27, 2025 9:40:31 AM sparadrap.Main lambda$main$2
INFOS: Onglet affich√© : Achats
nov. 27, 2025 10:21:52 AM sparadrap.Main$1 windowClosing
INFOS: Fermeture de l'application.
nov. 27, 2025 2:52:39 PM sparadrap.Main main
INFOS: ===== D√©marrage de SPARADRAP =====
nov. 27, 2025 2:52:43 PM sparadrap.Main main
INFOS: Insertion d'un achat de test OK.
nov. 27, 2025 2:52:44 PM sparadrap.Main lambda$main$7
INFOS: Fen√™tre initialis√©e et visible.
nov. 27, 2025 4:17:54 PM sparadrap.Main$1 windowClosing
INFOS: Fermeture de l'application.
nov. 28, 2025 10:07:37 AM sparadrap.Main main
INFOS: ===== D√©marrage de SPARADRAP =====
nov. 28, 2025 10:07:41 AM sparadrap.Main main
INFOS: Insertion d'un achat de test OK.
nov. 28, 2025 10:07:43 AM sparadrap.Main lambda$main$7
INFOS: Fen√™tre initialis√©e et visible.
nov. 28, 2025 10:07:57 AM sparadrap.Main lambda$main$6
INFOS: Onglet affich√© : Mutuelles
nov. 28, 2025 10:08:07 AM sparadrap.Main lambda$main$5
INFOS: Onglet affich√© : M√©dicaments
nov. 28, 2025 10:08:11 AM sparadrap.Main lambda$main$4
INFOS: Onglet affich√© : Clients
nov. 28, 2025 10:08:24 AM sparadrap.Main lambda$main$3
INFOS: Onglet affich√© : M√©decins
nov. 28, 2025 10:08:25 AM sparadrap.Main lambda$main$2
INFOS: Onglet affich√© : Achats
nov. 28, 2025 11:51:46 AM sparadrap.Main$1 windowClosing
INFOS: Fermeture de l'application.
